[ 2017-05-08T08:31:46+08:00 ] ::1 /thinkphp_3.2.3_full/
INFO: [ app_init ] --START--
INFO: Run Behavior\BuildLiteBehavior [ RunTime:0.000012s ]
INFO: [ app_init ] --END-- [ RunTime:0.001630s ]
INFO: [ app_begin ] --START--
INFO: Run Behavior\ReadHtmlCacheBehavior [ RunTime:0.000739s ]
INFO: [ app_begin ] --END-- [ RunTime:0.000784s ]
INFO: [ view_parse ] --START--
INFO: [ template_filter ] --START--
INFO: Run Behavior\ContentReplaceBehavior [ RunTime:0.000330s ]
INFO: [ template_filter ] --END-- [ RunTime:0.000373s ]
INFO: Run Behavior\ParseTemplateBehavior [ RunTime:0.005546s ]
INFO: [ view_parse ] --END-- [ RunTime:0.005590s ]
INFO: [ view_filter ] --START--
INFO: Run Behavior\WriteHtmlCacheBehavior [ RunTime:0.000495s ]
INFO: [ view_filter ] --END-- [ RunTime:0.000523s ]
INFO: [ app_end ] --START--
INFO: Run Behavior\ShowPageTraceBehavior [ RunTime:0.000679s ]
INFO: [ app_end ] --END-- [ RunTime:0.000715s ]

[ 2017-05-08T08:51:43+08:00 ] ::1 /thinkphp_3.2.3_full/home/
INFO: [ app_init ] --START--
INFO: Run Behavior\BuildLiteBehavior [ RunTime:0.000011s ]
INFO: [ app_init ] --END-- [ RunTime:0.000409s ]
INFO: [ app_begin ] --START--
INFO: Run Behavior\ReadHtmlCacheBehavior [ RunTime:0.000837s ]
INFO: [ app_begin ] --END-- [ RunTime:0.000887s ]
INFO: [ view_parse ] --START--
INFO: Run Behavior\ParseTemplateBehavior [ RunTime:0.000586s ]
INFO: [ view_parse ] --END-- [ RunTime:0.000638s ]
INFO: [ view_filter ] --START--
INFO: Run Behavior\WriteHtmlCacheBehavior [ RunTime:0.000482s ]
INFO: [ view_filter ] --END-- [ RunTime:0.000518s ]
INFO: [ app_end ] --START--
INFO: Run Behavior\ShowPageTraceBehavior [ RunTime:0.000604s ]
INFO: [ app_end ] --END-- [ RunTime:0.000634s ]

[ 2017-05-08T08:51:47+08:00 ] ::1 /thinkphp_3.2.3_full/index.php
INFO: [ app_init ] --START--
INFO: Run Behavior\BuildLiteBehavior [ RunTime:0.000043s ]
INFO: [ app_init ] --END-- [ RunTime:0.001627s ]
INFO: [ app_begin ] --START--
INFO: Run Behavior\ReadHtmlCacheBehavior [ RunTime:0.002456s ]
INFO: [ app_begin ] --END-- [ RunTime:0.002605s ]
INFO: [ view_parse ] --START--
INFO: Run Behavior\ParseTemplateBehavior [ RunTime:0.001486s ]
INFO: [ view_parse ] --END-- [ RunTime:0.001690s ]
INFO: [ view_filter ] --START--
INFO: Run Behavior\WriteHtmlCacheBehavior [ RunTime:0.001510s ]
INFO: [ view_filter ] --END-- [ RunTime:0.001646s ]
INFO: [ app_end ] --START--
INFO: Run Behavior\ShowPageTraceBehavior [ RunTime:0.002569s ]
INFO: [ app_end ] --END-- [ RunTime:0.002691s ]

[ 2017-05-08T08:51:55+08:00 ] ::1 /thinkphp_3.2.3_full/home/index
INFO: [ app_init ] --START--
INFO: Run Behavior\BuildLiteBehavior [ RunTime:0.000013s ]
INFO: [ app_init ] --END-- [ RunTime:0.000393s ]
INFO: [ app_begin ] --START--
INFO: Run Behavior\ReadHtmlCacheBehavior [ RunTime:0.000598s ]
INFO: [ app_begin ] --END-- [ RunTime:0.000640s ]
INFO: [ view_parse ] --START--
INFO: Run Behavior\ParseTemplateBehavior [ RunTime:0.000383s ]
INFO: [ view_parse ] --END-- [ RunTime:0.000435s ]
INFO: [ view_filter ] --START--
INFO: Run Behavior\WriteHtmlCacheBehavior [ RunTime:0.000380s ]
INFO: [ view_filter ] --END-- [ RunTime:0.000409s ]
INFO: [ app_end ] --START--
INFO: Run Behavior\ShowPageTraceBehavior [ RunTime:0.000608s ]
INFO: [ app_end ] --END-- [ RunTime:0.000645s ]

[ 2017-05-08T08:53:08+08:00 ] ::1 /thinkphp_3.2.3_full/home/index
INFO: [ app_init ] --START--
INFO: Run Behavior\BuildLiteBehavior [ RunTime:0.000015s ]
INFO: [ app_init ] --END-- [ RunTime:0.000373s ]
INFO: [ app_begin ] --START--
INFO: Run Behavior\ReadHtmlCacheBehavior [ RunTime:0.000572s ]
INFO: [ app_begin ] --END-- [ RunTime:0.000620s ]
ERR: 非法操作:index

[ 2017-05-08T08:53:27+08:00 ] ::1 /thinkphp_3.2.3_full/home/index
INFO: [ app_init ] --START--
INFO: Run Behavior\BuildLiteBehavior [ RunTime:0.000010s ]
INFO: [ app_init ] --END-- [ RunTime:0.000418s ]
INFO: [ app_begin ] --START--
INFO: Run Behavior\ReadHtmlCacheBehavior [ RunTime:0.000544s ]
INFO: [ app_begin ] --END-- [ RunTime:0.000578s ]

[ 2017-05-08T08:53:46+08:00 ] ::1 /thinkphp_3.2.3_full/home/index
INFO: [ app_init ] --START--
INFO: Run Behavior\BuildLiteBehavior [ RunTime:0.000010s ]
INFO: [ app_init ] --END-- [ RunTime:0.000425s ]
INFO: [ app_begin ] --START--
INFO: Run Behavior\ReadHtmlCacheBehavior [ RunTime:0.000532s ]
INFO: [ app_begin ] --END-- [ RunTime:0.000565s ]
INFO: [ view_parse ] --START--
INFO: Run Behavior\ParseTemplateBehavior [ RunTime:0.000314s ]
INFO: [ view_parse ] --END-- [ RunTime:0.000349s ]
INFO: [ view_filter ] --START--
INFO: Run Behavior\WriteHtmlCacheBehavior [ RunTime:0.000305s ]
INFO: [ view_filter ] --END-- [ RunTime:0.000331s ]
INFO: [ app_end ] --START--
INFO: Run Behavior\ShowPageTraceBehavior [ RunTime:0.000540s ]
INFO: [ app_end ] --END-- [ RunTime:0.000566s ]

[ 2017-05-08T08:55:37+08:00 ] ::1 /thinkphp_3.2.3_full/home/index
INFO: [ app_init ] --START--
INFO: Run Behavior\BuildLiteBehavior [ RunTime:0.000012s ]
INFO: [ app_init ] --END-- [ RunTime:0.000386s ]
INFO: [ app_begin ] --START--
INFO: Run Behavior\ReadHtmlCacheBehavior [ RunTime:0.000536s ]
INFO: [ app_begin ] --END-- [ RunTime:0.000573s ]
ERR: 非法操作:index

[ 2017-05-08T08:55:54+08:00 ] ::1 /thinkphp_3.2.3_full/home/index
INFO: [ app_init ] --START--
INFO: Run Behavior\BuildLiteBehavior [ RunTime:0.000010s ]
INFO: [ app_init ] --END-- [ RunTime:0.000355s ]
INFO: [ app_begin ] --START--
INFO: Run Behavior\ReadHtmlCacheBehavior [ RunTime:0.000493s ]
INFO: [ app_begin ] --END-- [ RunTime:0.000525s ]
ERR: 非法操作:index

[ 2017-05-08T08:55:56+08:00 ] ::1 /thinkphp_3.2.3_full/home/index
INFO: [ app_init ] --START--
INFO: Run Behavior\BuildLiteBehavior [ RunTime:0.000011s ]
INFO: [ app_init ] --END-- [ RunTime:0.000332s ]
INFO: [ app_begin ] --START--
INFO: Run Behavior\ReadHtmlCacheBehavior [ RunTime:0.000696s ]
INFO: [ app_begin ] --END-- [ RunTime:0.000761s ]
ERR: 非法操作:index

[ 2017-05-08T08:56:19+08:00 ] ::1 /thinkphp_3.2.3_full/home/index/hello
INFO: [ app_init ] --START--
INFO: Run Behavior\BuildLiteBehavior [ RunTime:0.000012s ]
INFO: [ app_init ] --END-- [ RunTime:0.000367s ]
INFO: [ app_begin ] --START--
INFO: Run Behavior\ReadHtmlCacheBehavior [ RunTime:0.000480s ]
INFO: [ app_begin ] --END-- [ RunTime:0.000523s ]
INFO: [ app_end ] --START--
INFO: Run Behavior\ShowPageTraceBehavior [ RunTime:0.000595s ]
INFO: [ app_end ] --END-- [ RunTime:0.000639s ]

[ 2017-05-08T08:56:50+08:00 ] ::1 /thinkphp_3.2.3_full/home/index/hello
INFO: [ app_init ] --START--
INFO: Run Behavior\BuildLiteBehavior [ RunTime:0.000011s ]
INFO: [ app_init ] --END-- [ RunTime:0.000424s ]
INFO: [ app_begin ] --START--
INFO: Run Behavior\ReadHtmlCacheBehavior [ RunTime:0.000572s ]
INFO: [ app_begin ] --END-- [ RunTime:0.000625s ]
NOTIC: [2] Missing argument 1 for I(), called in D:\Program Files\phpStudy\WWW\thinkphp_3.2.3_full\Application\Home\Controller\IndexController.class.php on line 10 and defined D:\Program Files\phpStudy\WWW\thinkphp_3.2.3_full\ThinkPHP\Common\functions.php 第 271 行.
NOTIC: [8] Undefined variable: name D:\Program Files\phpStudy\WWW\thinkphp_3.2.3_full\ThinkPHP\Common\functions.php 第 273 行.
NOTIC: [8] Undefined variable: name D:\Program Files\phpStudy\WWW\thinkphp_3.2.3_full\ThinkPHP\Common\functions.php 第 278 行.
NOTIC: [8] Undefined variable: name D:\Program Files\phpStudy\WWW\thinkphp_3.2.3_full\ThinkPHP\Common\functions.php 第 339 行.
NOTIC: [8] Array to string conversion D:\Program Files\phpStudy\WWW\thinkphp_3.2.3_full\Application\Home\Controller\IndexController.class.php 第 10 行.
INFO: [ app_end ] --START--
INFO: Run Behavior\ShowPageTraceBehavior [ RunTime:0.000729s ]
INFO: [ app_end ] --END-- [ RunTime:0.000769s ]

[ 2017-05-08T08:57:08+08:00 ] ::1 /thinkphp_3.2.3_full/home/index/hello
INFO: [ app_init ] --START--
INFO: Run Behavior\BuildLiteBehavior [ RunTime:0.000011s ]
INFO: [ app_init ] --END-- [ RunTime:0.000403s ]
INFO: [ app_begin ] --START--
INFO: Run Behavior\ReadHtmlCacheBehavior [ RunTime:0.000545s ]
INFO: [ app_begin ] --END-- [ RunTime:0.000579s ]

[ 2017-05-08T08:57:31+08:00 ] ::1 /thinkphp_3.2.3_full/home/index/hello
INFO: [ app_init ] --START--
INFO: Run Behavior\BuildLiteBehavior [ RunTime:0.000011s ]
INFO: [ app_init ] --END-- [ RunTime:0.000429s ]
INFO: [ app_begin ] --START--
INFO: Run Behavior\ReadHtmlCacheBehavior [ RunTime:0.000532s ]
INFO: [ app_begin ] --END-- [ RunTime:0.000566s ]
NOTIC: [2] Missing argument 1 for I(), called in D:\Program Files\phpStudy\WWW\thinkphp_3.2.3_full\Application\Home\Controller\IndexController.class.php on line 10 and defined D:\Program Files\phpStudy\WWW\thinkphp_3.2.3_full\ThinkPHP\Common\functions.php 第 271 行.
NOTIC: [8] Undefined variable: name D:\Program Files\phpStudy\WWW\thinkphp_3.2.3_full\ThinkPHP\Common\functions.php 第 273 行.
NOTIC: [8] Undefined variable: name D:\Program Files\phpStudy\WWW\thinkphp_3.2.3_full\ThinkPHP\Common\functions.php 第 278 行.
NOTIC: [8] Undefined variable: name D:\Program Files\phpStudy\WWW\thinkphp_3.2.3_full\ThinkPHP\Common\functions.php 第 339 行.
INFO: [ app_end ] --START--
INFO: Run Behavior\ShowPageTraceBehavior [ RunTime:0.000492s ]
INFO: [ app_end ] --END-- [ RunTime:0.000521s ]

[ 2017-05-08T08:57:46+08:00 ] ::1 /thinkphp_3.2.3_full/home/index/hello?i=1
INFO: [ app_init ] --START--
INFO: Run Behavior\BuildLiteBehavior [ RunTime:0.000012s ]
INFO: [ app_init ] --END-- [ RunTime:0.000400s ]
INFO: [ app_begin ] --START--
INFO: Run Behavior\ReadHtmlCacheBehavior [ RunTime:0.000587s ]
INFO: [ app_begin ] --END-- [ RunTime:0.000629s ]
NOTIC: [2] Missing argument 1 for I(), called in D:\Program Files\phpStudy\WWW\thinkphp_3.2.3_full\Application\Home\Controller\IndexController.class.php on line 10 and defined D:\Program Files\phpStudy\WWW\thinkphp_3.2.3_full\ThinkPHP\Common\functions.php 第 271 行.
NOTIC: [8] Undefined variable: name D:\Program Files\phpStudy\WWW\thinkphp_3.2.3_full\ThinkPHP\Common\functions.php 第 273 行.
NOTIC: [8] Undefined variable: name D:\Program Files\phpStudy\WWW\thinkphp_3.2.3_full\ThinkPHP\Common\functions.php 第 278 行.
NOTIC: [8] Undefined variable: name D:\Program Files\phpStudy\WWW\thinkphp_3.2.3_full\ThinkPHP\Common\functions.php 第 339 行.
INFO: [ app_end ] --START--
INFO: Run Behavior\ShowPageTraceBehavior [ RunTime:0.000527s ]
INFO: [ app_end ] --END-- [ RunTime:0.000562s ]

[ 2017-05-08T08:58:49+08:00 ] ::1 /thinkphp_3.2.3_full/home/index/hello?i=1
INFO: [ app_init ] --START--
INFO: Run Behavior\BuildLiteBehavior [ RunTime:0.000011s ]
INFO: [ app_init ] --END-- [ RunTime:0.000447s ]
INFO: [ app_begin ] --START--
INFO: Run Behavior\ReadHtmlCacheBehavior [ RunTime:0.000535s ]
INFO: [ app_begin ] --END-- [ RunTime:0.000568s ]
ERR: 非法操作:hello

[ 2017-05-08T08:59:08+08:00 ] ::1 /thinkphp_3.2.3_full/home/index?i=1
INFO: [ app_init ] --START--
INFO: Run Behavior\BuildLiteBehavior [ RunTime:0.000012s ]
INFO: [ app_init ] --END-- [ RunTime:0.000349s ]
INFO: [ app_begin ] --START--
INFO: Run Behavior\ReadHtmlCacheBehavior [ RunTime:0.000477s ]
INFO: [ app_begin ] --END-- [ RunTime:0.000517s ]
NOTIC: [2] Missing argument 1 for I(), called in D:\Program Files\phpStudy\WWW\thinkphp_3.2.3_full\Application\Home\Controller\IndexController.class.php on line 10 and defined D:\Program Files\phpStudy\WWW\thinkphp_3.2.3_full\ThinkPHP\Common\functions.php 第 271 行.
NOTIC: [8] Undefined variable: name D:\Program Files\phpStudy\WWW\thinkphp_3.2.3_full\ThinkPHP\Common\functions.php 第 273 行.
NOTIC: [8] Undefined variable: name D:\Program Files\phpStudy\WWW\thinkphp_3.2.3_full\ThinkPHP\Common\functions.php 第 278 行.
NOTIC: [8] Undefined variable: name D:\Program Files\phpStudy\WWW\thinkphp_3.2.3_full\ThinkPHP\Common\functions.php 第 339 行.
INFO: [ app_end ] --START--
INFO: Run Behavior\ShowPageTraceBehavior [ RunTime:0.000568s ]
INFO: [ app_end ] --END-- [ RunTime:0.000604s ]

[ 2017-05-08T18:23:34+08:00 ] ::1 /thinkphp_3.2.3_full/home/index?i=1
INFO: [ app_init ] --START--
INFO: Run Behavior\BuildLiteBehavior [ RunTime:0.000018s ]
INFO: [ app_init ] --END-- [ RunTime:0.000807s ]
INFO: [ app_begin ] --START--
INFO: Run Behavior\ReadHtmlCacheBehavior [ RunTime:0.012789s ]
INFO: [ app_begin ] --END-- [ RunTime:0.012862s ]
NOTIC: [2] Missing argument 1 for I(), called in D:\Program Files\phpStudy\WWW\thinkphp_3.2.3_full\Application\Home\Controller\IndexController.class.php on line 10 and defined D:\Program Files\phpStudy\WWW\thinkphp_3.2.3_full\ThinkPHP\Common\functions.php 第 271 行.
NOTIC: [8] Undefined variable: name D:\Program Files\phpStudy\WWW\thinkphp_3.2.3_full\ThinkPHP\Common\functions.php 第 273 行.
NOTIC: [8] Undefined variable: name D:\Program Files\phpStudy\WWW\thinkphp_3.2.3_full\ThinkPHP\Common\functions.php 第 278 行.
NOTIC: [8] Undefined variable: name D:\Program Files\phpStudy\WWW\thinkphp_3.2.3_full\ThinkPHP\Common\functions.php 第 339 行.
INFO: [ app_end ] --START--
INFO: Run Behavior\ShowPageTraceBehavior [ RunTime:0.011733s ]
INFO: [ app_end ] --END-- [ RunTime:0.011868s ]

[ 2017-05-08T18:23:35+08:00 ] ::1 /thinkphp_3.2.3_full/home/index/hello?i=1
INFO: [ app_init ] --START--
INFO: Run Behavior\BuildLiteBehavior [ RunTime:0.000026s ]
INFO: [ app_init ] --END-- [ RunTime:0.001017s ]
INFO: [ app_begin ] --START--
INFO: Run Behavior\ReadHtmlCacheBehavior [ RunTime:0.001359s ]
INFO: [ app_begin ] --END-- [ RunTime:0.001452s ]
ERR: 非法操作:hello

[ 2017-05-08T18:23:35+08:00 ] ::1 /thinkphp_3.2.3_full/home/index/hello
INFO: [ app_init ] --START--
INFO: Run Behavior\BuildLiteBehavior [ RunTime:0.000010s ]
INFO: [ app_init ] --END-- [ RunTime:0.000392s ]
INFO: [ app_begin ] --START--
INFO: Run Behavior\ReadHtmlCacheBehavior [ RunTime:0.000568s ]
INFO: [ app_begin ] --END-- [ RunTime:0.000604s ]
ERR: 非法操作:hello

