[ 2017-08-31T09:13:31+08:00 ] ::1 /91free/
INFO: [ app_init ] --START--
INFO: Run Behavior\BuildLiteBehavior [ RunTime:0.000009s ]
INFO: [ app_init ] --END-- [ RunTime:0.000800s ]

[ 2017-08-31T09:18:47+08:00 ] ::1 /91free/home/index/getview/?id=2
INFO: [ app_init ] --START--
INFO: Run Behavior\BuildLiteBehavior [ RunTime:0.000009s ]
INFO: [ app_init ] --END-- [ RunTime:0.000438s ]

[ 2017-08-31T09:19:15+08:00 ] ::1 /91free/home/index/getview/?id=2
INFO: [ app_init ] --START--
INFO: Run Behavior\BuildLiteBehavior [ RunTime:0.000016s ]
INFO: [ app_init ] --END-- [ RunTime:0.000444s ]

[ 2017-08-31T09:19:33+08:00 ] ::1 /91free/home/index/getview/?id=2
INFO: [ app_init ] --START--
INFO: Run Behavior\BuildLiteBehavior [ RunTime:0.000018s ]
INFO: [ app_init ] --END-- [ RunTime:0.000794s ]

[ 2017-08-31T09:19:56+08:00 ] ::1 /91free/home/index/getview/?id=5
INFO: [ app_init ] --START--
INFO: Run Behavior\BuildLiteBehavior [ RunTime:0.000011s ]
INFO: [ app_init ] --END-- [ RunTime:0.000545s ]

[ 2017-08-31T09:20:11+08:00 ] ::1 /91free/home/index/getview/?id=5
INFO: [ app_init ] --START--
INFO: Run Behavior\BuildLiteBehavior [ RunTime:0.000009s ]
INFO: [ app_init ] --END-- [ RunTime:0.000326s ]

[ 2017-08-31T09:39:44+08:00 ] ::1 /91free/home/index/
INFO: [ app_init ] --START--
INFO: Run Behavior\BuildLiteBehavior [ RunTime:0.000011s ]
INFO: [ app_init ] --END-- [ RunTime:0.000498s ]

[ 2017-08-31T09:39:52+08:00 ] ::1 /91free/home/index/
INFO: [ app_init ] --START--
INFO: Run Behavior\BuildLiteBehavior [ RunTime:0.000009s ]
INFO: [ app_init ] --END-- [ RunTime:0.000340s ]

[ 2017-08-31T09:39:52+08:00 ] ::1 /91free/home/index/91free/bootstrap.css
INFO: [ app_init ] --START--
INFO: Run Behavior\BuildLiteBehavior [ RunTime:0.000014s ]
INFO: [ app_init ] --END-- [ RunTime:0.000433s ]
ERR: 非法操作:91free

[ 2017-08-31T09:39:52+08:00 ] ::1 /91free/home/index/91free/front.css
INFO: [ app_init ] --START--
INFO: Run Behavior\BuildLiteBehavior [ RunTime:0.000017s ]
INFO: [ app_init ] --END-- [ RunTime:0.000563s ]
ERR: 非法操作:91free

[ 2017-08-31T09:39:52+08:00 ] ::1 /91free/home/index/91free/ca-pub-0796536778784564.js
INFO: [ app_init ] --START--
INFO: Run Behavior\BuildLiteBehavior [ RunTime:0.000015s ]
INFO: [ app_init ] --END-- [ RunTime:0.000498s ]
ERR: 非法操作:91free

[ 2017-08-31T09:39:52+08:00 ] ::1 /91free/home/index/91free/moment.js
INFO: [ app_init ] --START--
INFO: Run Behavior\BuildLiteBehavior [ RunTime:0.000014s ]
INFO: [ app_init ] --END-- [ RunTime:0.000410s ]
ERR: 非法操作:91free

[ 2017-08-31T09:39:52+08:00 ] ::1 /91free/home/index/91free/loading.gif
INFO: [ app_init ] --START--
INFO: Run Behavior\BuildLiteBehavior [ RunTime:0.000014s ]
INFO: [ app_init ] --END-- [ RunTime:0.000462s ]

[ 2017-08-31T09:39:52+08:00 ] ::1 /91free/home/index/91free/logo-bold.png
INFO: [ app_init ] --START--
INFO: Run Behavior\BuildLiteBehavior [ RunTime:0.000012s ]
INFO: [ app_init ] --END-- [ RunTime:0.000383s ]

[ 2017-08-31T09:39:52+08:00 ] ::1 /91free/home/index/91free/analytics.js
INFO: [ app_init ] --START--
INFO: Run Behavior\BuildLiteBehavior [ RunTime:0.000014s ]
INFO: [ app_init ] --END-- [ RunTime:0.000538s ]
ERR: 非法操作:91free

[ 2017-08-31T09:39:52+08:00 ] ::1 /91free/home/index/91free/adsbygoogle.js
INFO: [ app_init ] --START--
INFO: Run Behavior\BuildLiteBehavior [ RunTime:0.000014s ]
INFO: [ app_init ] --END-- [ RunTime:0.000419s ]
ERR: 非法操作:91free

[ 2017-08-31T09:39:52+08:00 ] ::1 /91free/home/index/91free/jquery.min.js
INFO: [ app_init ] --START--
INFO: Run Behavior\BuildLiteBehavior [ RunTime:0.000013s ]
INFO: [ app_init ] --END-- [ RunTime:0.000473s ]
ERR: 非法操作:91free

[ 2017-08-31T09:39:52+08:00 ] ::1 /91free/home/index/91free/fad.js
INFO: [ app_init ] --START--
INFO: Run Behavior\BuildLiteBehavior [ RunTime:0.000013s ]
INFO: [ app_init ] --END-- [ RunTime:0.000561s ]
ERR: 非法操作:91free

[ 2017-08-31T09:39:52+08:00 ] ::1 /91free/home/index/91free/bootstrap.min.js
INFO: [ app_init ] --START--
INFO: Run Behavior\BuildLiteBehavior [ RunTime:0.000012s ]
INFO: [ app_init ] --END-- [ RunTime:0.000460s ]
ERR: 非法操作:91free

[ 2017-08-31T09:39:52+08:00 ] ::1 /91free/home/index/91free/fad.js
INFO: [ app_init ] --START--
INFO: Run Behavior\BuildLiteBehavior [ RunTime:0.000009s ]
INFO: [ app_init ] --END-- [ RunTime:0.000312s ]
ERR: 非法操作:91free

[ 2017-08-31T09:39:52+08:00 ] ::1 /91free/home/index/91free/moment.js
INFO: [ app_init ] --START--
INFO: Run Behavior\BuildLiteBehavior [ RunTime:0.000009s ]
INFO: [ app_init ] --END-- [ RunTime:0.000310s ]
ERR: 非法操作:91free

[ 2017-08-31T09:41:13+08:00 ] ::1 /91free/home/index/
INFO: [ app_init ] --START--
INFO: Run Behavior\BuildLiteBehavior [ RunTime:0.000010s ]
INFO: [ app_init ] --END-- [ RunTime:0.000322s ]

[ 2017-08-31T09:41:13+08:00 ] ::1 /91free/home/index/91free/bootstrap.css
INFO: [ app_init ] --START--
INFO: Run Behavior\BuildLiteBehavior [ RunTime:0.000014s ]
INFO: [ app_init ] --END-- [ RunTime:0.000603s ]
ERR: 非法操作:91free

[ 2017-08-31T09:41:13+08:00 ] ::1 /91free/home/index/91free/ca-pub-0796536778784564.js
INFO: [ app_init ] --START--
INFO: Run Behavior\BuildLiteBehavior [ RunTime:0.000015s ]
INFO: [ app_init ] --END-- [ RunTime:0.000476s ]
ERR: 非法操作:91free

[ 2017-08-31T09:41:13+08:00 ] ::1 /91free/home/index/91free/bootstrap.min.js
INFO: [ app_init ] --START--
INFO: Run Behavior\BuildLiteBehavior [ RunTime:0.000017s ]
INFO: [ app_init ] --END-- [ RunTime:0.000619s ]
ERR: 非法操作:91free

[ 2017-08-31T09:41:13+08:00 ] ::1 /91free/home/index/91free/jquery.min.js
INFO: [ app_init ] --START--
INFO: Run Behavior\BuildLiteBehavior [ RunTime:0.000012s ]
INFO: [ app_init ] --END-- [ RunTime:0.000616s ]
ERR: 非法操作:91free

[ 2017-08-31T09:41:13+08:00 ] ::1 /91free/home/index/91free/logo-bold.png
INFO: [ app_init ] --START--
INFO: Run Behavior\BuildLiteBehavior [ RunTime:0.000014s ]
INFO: [ app_init ] --END-- [ RunTime:0.000380s ]

[ 2017-08-31T09:41:13+08:00 ] ::1 /91free/home/index/91free/loading.gif
INFO: [ app_init ] --START--
INFO: Run Behavior\BuildLiteBehavior [ RunTime:0.000012s ]
INFO: [ app_init ] --END-- [ RunTime:0.000379s ]

[ 2017-08-31T09:41:13+08:00 ] ::1 /91free/home/index/91free/analytics.js
INFO: [ app_init ] --START--
INFO: Run Behavior\BuildLiteBehavior [ RunTime:0.000024s ]
INFO: [ app_init ] --END-- [ RunTime:0.001077s ]
ERR: 非法操作:91free

[ 2017-08-31T09:41:13+08:00 ] ::1 /91free/home/index/91free/adsbygoogle.js
INFO: [ app_init ] --START--
INFO: Run Behavior\BuildLiteBehavior [ RunTime:0.000014s ]
INFO: [ app_init ] --END-- [ RunTime:0.000407s ]
ERR: 非法操作:91free

[ 2017-08-31T09:41:13+08:00 ] ::1 /91free/home/index/91free/bootstrap.min.js
INFO: [ app_init ] --START--
INFO: Run Behavior\BuildLiteBehavior [ RunTime:0.000018s ]
INFO: [ app_init ] --END-- [ RunTime:0.000530s ]
ERR: 非法操作:91free

[ 2017-08-31T09:41:13+08:00 ] ::1 /91free/home/index/91free/fad.js
INFO: [ app_init ] --START--
INFO: Run Behavior\BuildLiteBehavior [ RunTime:0.000015s ]
INFO: [ app_init ] --END-- [ RunTime:0.000503s ]
ERR: 非法操作:91free

[ 2017-08-31T09:41:13+08:00 ] ::1 /91free/home/index/91free/moment.js
INFO: [ app_init ] --START--
INFO: Run Behavior\BuildLiteBehavior [ RunTime:0.000017s ]
INFO: [ app_init ] --END-- [ RunTime:0.000590s ]
ERR: 非法操作:91free

[ 2017-08-31T09:41:15+08:00 ] ::1 /91free/home/index/91free/bootstrap.css
INFO: [ app_init ] --START--
INFO: Run Behavior\BuildLiteBehavior [ RunTime:0.000043s ]
INFO: [ app_init ] --END-- [ RunTime:0.000534s ]
ERR: 非法操作:91free

[ 2017-08-31T09:41:34+08:00 ] ::1 /91free/home/index/
INFO: [ app_init ] --START--
INFO: Run Behavior\BuildLiteBehavior [ RunTime:0.000011s ]
INFO: [ app_init ] --END-- [ RunTime:0.000423s ]

[ 2017-08-31T09:41:34+08:00 ] ::1 /91free/home/index/91free/bootstrap.css
INFO: [ app_init ] --START--
INFO: Run Behavior\BuildLiteBehavior [ RunTime:0.000014s ]
INFO: [ app_init ] --END-- [ RunTime:0.000464s ]
ERR: 非法操作:91free

[ 2017-08-31T09:41:34+08:00 ] ::1 /91free/home/index/91free/jquery.min.js
INFO: [ app_init ] --START--
INFO: Run Behavior\BuildLiteBehavior [ RunTime:0.000013s ]
INFO: [ app_init ] --END-- [ RunTime:0.000429s ]
ERR: 非法操作:91free

[ 2017-08-31T09:41:34+08:00 ] ::1 /91free/home/index/91free/bootstrap.min.js
INFO: [ app_init ] --START--
INFO: Run Behavior\BuildLiteBehavior [ RunTime:0.000013s ]
INFO: [ app_init ] --END-- [ RunTime:0.000365s ]
ERR: 非法操作:91free

[ 2017-08-31T09:41:34+08:00 ] ::1 /91free/home/index/91free/fad.js
INFO: [ app_init ] --START--
INFO: Run Behavior\BuildLiteBehavior [ RunTime:0.000015s ]
INFO: [ app_init ] --END-- [ RunTime:0.000534s ]
ERR: 非法操作:91free

[ 2017-08-31T09:41:34+08:00 ] ::1 /91free/home/index/91free/moment.js
INFO: [ app_init ] --START--
INFO: Run Behavior\BuildLiteBehavior [ RunTime:0.000013s ]
INFO: [ app_init ] --END-- [ RunTime:0.000510s ]
ERR: 非法操作:91free

[ 2017-08-31T09:41:34+08:00 ] ::1 /91free/home/index/91free/loading.gif
INFO: [ app_init ] --START--
INFO: Run Behavior\BuildLiteBehavior [ RunTime:0.000014s ]
INFO: [ app_init ] --END-- [ RunTime:0.000407s ]

[ 2017-08-31T09:41:34+08:00 ] ::1 /91free/home/index/91free/analytics.js
INFO: [ app_init ] --START--
INFO: Run Behavior\BuildLiteBehavior [ RunTime:0.000014s ]
INFO: [ app_init ] --END-- [ RunTime:0.000489s ]
ERR: 非法操作:91free

[ 2017-08-31T09:41:34+08:00 ] ::1 /91free/home/index/91free/adsbygoogle.js
INFO: [ app_init ] --START--
INFO: Run Behavior\BuildLiteBehavior [ RunTime:0.000013s ]
INFO: [ app_init ] --END-- [ RunTime:0.000469s ]
ERR: 非法操作:91free

[ 2017-08-31T09:41:34+08:00 ] ::1 /91free/home/index/91free/logo-bold.png
INFO: [ app_init ] --START--
INFO: Run Behavior\BuildLiteBehavior [ RunTime:0.000016s ]
INFO: [ app_init ] --END-- [ RunTime:0.000518s ]

[ 2017-08-31T09:41:34+08:00 ] ::1 /91free/home/index/91free/ca-pub-0796536778784564.js
INFO: [ app_init ] --START--
INFO: Run Behavior\BuildLiteBehavior [ RunTime:0.000014s ]
INFO: [ app_init ] --END-- [ RunTime:0.000514s ]
ERR: 非法操作:91free

[ 2017-08-31T09:41:34+08:00 ] ::1 /91free/home/index/91free/adsbygoogle.js
INFO: [ app_init ] --START--
INFO: Run Behavior\BuildLiteBehavior [ RunTime:0.000011s ]
INFO: [ app_init ] --END-- [ RunTime:0.000358s ]
ERR: 非法操作:91free

[ 2017-08-31T09:41:34+08:00 ] ::1 /91free/home/index/91free/analytics.js
INFO: [ app_init ] --START--
INFO: Run Behavior\BuildLiteBehavior [ RunTime:0.000013s ]
INFO: [ app_init ] --END-- [ RunTime:0.000402s ]
ERR: 非法操作:91free

[ 2017-08-31T09:41:34+08:00 ] ::1 /91free/home/index/91free/jquery.min.js
INFO: [ app_init ] --START--
INFO: Run Behavior\BuildLiteBehavior [ RunTime:0.000016s ]
INFO: [ app_init ] --END-- [ RunTime:0.000566s ]
ERR: 非法操作:91free

[ 2017-08-31T09:41:34+08:00 ] ::1 /91free/home/index/91free/bootstrap.min.js
INFO: [ app_init ] --START--
INFO: Run Behavior\BuildLiteBehavior [ RunTime:0.000014s ]
INFO: [ app_init ] --END-- [ RunTime:0.000527s ]
ERR: 非法操作:91free

[ 2017-08-31T09:41:34+08:00 ] ::1 /91free/home/index/91free/fad.js
INFO: [ app_init ] --START--
INFO: Run Behavior\BuildLiteBehavior [ RunTime:0.000011s ]
INFO: [ app_init ] --END-- [ RunTime:0.000453s ]
ERR: 非法操作:91free

[ 2017-08-31T09:41:34+08:00 ] ::1 /91free/home/index/91free/moment.js
INFO: [ app_init ] --START--
INFO: Run Behavior\BuildLiteBehavior [ RunTime:0.000011s ]
INFO: [ app_init ] --END-- [ RunTime:0.000338s ]
ERR: 非法操作:91free

[ 2017-08-31T09:41:55+08:00 ] ::1 /91free/home/index/
INFO: [ app_init ] --START--
INFO: Run Behavior\BuildLiteBehavior [ RunTime:0.000013s ]
INFO: [ app_init ] --END-- [ RunTime:0.000509s ]

[ 2017-08-31T09:41:55+08:00 ] ::1 /91free/home/index/91free/ca-pub-0796536778784564.js
INFO: [ app_init ] --START--
INFO: Run Behavior\BuildLiteBehavior [ RunTime:0.000016s ]
INFO: [ app_init ] --END-- [ RunTime:0.000502s ]
ERR: 非法操作:91free

[ 2017-08-31T09:41:55+08:00 ] ::1 /91free/home/index/91free/bootstrap.css
INFO: [ app_init ] --START--
INFO: Run Behavior\BuildLiteBehavior [ RunTime:0.000023s ]
INFO: [ app_init ] --END-- [ RunTime:0.000845s ]
ERR: 非法操作:91free

[ 2017-08-31T09:41:55+08:00 ] ::1 /91free/home/index/91free/logo-bold.png
INFO: [ app_init ] --START--
INFO: Run Behavior\BuildLiteBehavior [ RunTime:0.000011s ]
INFO: [ app_init ] --END-- [ RunTime:0.000398s ]

[ 2017-08-31T09:41:55+08:00 ] ::1 /91free/home/index/91free/fad.js
INFO: [ app_init ] --START--
INFO: Run Behavior\BuildLiteBehavior [ RunTime:0.000012s ]
INFO: [ app_init ] --END-- [ RunTime:0.000419s ]
ERR: 非法操作:91free

[ 2017-08-31T09:41:55+08:00 ] ::1 /91free/home/index/91free/analytics.js
INFO: [ app_init ] --START--
INFO: Run Behavior\BuildLiteBehavior [ RunTime:0.000013s ]
INFO: [ app_init ] --END-- [ RunTime:0.000482s ]
ERR: 非法操作:91free

[ 2017-08-31T09:41:55+08:00 ] ::1 /91free/home/index/91free/loading.gif
INFO: [ app_init ] --START--
INFO: Run Behavior\BuildLiteBehavior [ RunTime:0.000015s ]
INFO: [ app_init ] --END-- [ RunTime:0.000456s ]

[ 2017-08-31T09:41:55+08:00 ] ::1 /91free/home/index/91free/adsbygoogle.js
INFO: [ app_init ] --START--
INFO: Run Behavior\BuildLiteBehavior [ RunTime:0.000015s ]
INFO: [ app_init ] --END-- [ RunTime:0.000418s ]
ERR: 非法操作:91free

[ 2017-08-31T09:41:55+08:00 ] ::1 /91free/home/index/91free/jquery.min.js
INFO: [ app_init ] --START--
INFO: Run Behavior\BuildLiteBehavior [ RunTime:0.000036s ]
INFO: [ app_init ] --END-- [ RunTime:0.034207s ]
ERR: 非法操作:91free

[ 2017-08-31T09:41:55+08:00 ] ::1 /91free/home/index/91free/moment.js
INFO: [ app_init ] --START--
INFO: Run Behavior\BuildLiteBehavior [ RunTime:0.000017s ]
INFO: [ app_init ] --END-- [ RunTime:0.000536s ]
ERR: 非法操作:91free

[ 2017-08-31T09:41:55+08:00 ] ::1 /91free/home/index/91free/bootstrap.min.js
INFO: [ app_init ] --START--
INFO: Run Behavior\BuildLiteBehavior [ RunTime:0.000010s ]
INFO: [ app_init ] --END-- [ RunTime:0.000330s ]
ERR: 非法操作:91free

[ 2017-08-31T09:41:55+08:00 ] ::1 /91free/home/index/91free/fad.js
INFO: [ app_init ] --START--
INFO: Run Behavior\BuildLiteBehavior [ RunTime:0.000017s ]
INFO: [ app_init ] --END-- [ RunTime:0.000449s ]
ERR: 非法操作:91free

[ 2017-08-31T09:41:55+08:00 ] ::1 /91free/home/index/91free/moment.js
INFO: [ app_init ] --START--
INFO: Run Behavior\BuildLiteBehavior [ RunTime:0.000009s ]
INFO: [ app_init ] --END-- [ RunTime:0.000343s ]
ERR: 非法操作:91free

[ 2017-08-31T09:42:14+08:00 ] ::1 /91free/home/index/
INFO: [ app_init ] --START--
INFO: Run Behavior\BuildLiteBehavior [ RunTime:0.000017s ]
INFO: [ app_init ] --END-- [ RunTime:0.000606s ]

[ 2017-08-31T09:42:14+08:00 ] ::1 /91free/home/index/91free/bootstrap.css
INFO: [ app_init ] --START--
INFO: Run Behavior\BuildLiteBehavior [ RunTime:0.000017s ]
INFO: [ app_init ] --END-- [ RunTime:0.000553s ]
ERR: 非法操作:91free

[ 2017-08-31T09:42:14+08:00 ] ::1 /91free/home/index/91free/jquery.min.js
INFO: [ app_init ] --START--
INFO: Run Behavior\BuildLiteBehavior [ RunTime:0.000016s ]
INFO: [ app_init ] --END-- [ RunTime:0.000483s ]
ERR: 非法操作:91free

[ 2017-08-31T09:42:14+08:00 ] ::1 /91free/home/index/91free/bootstrap.min.js
INFO: [ app_init ] --START--
INFO: Run Behavior\BuildLiteBehavior [ RunTime:0.000014s ]
INFO: [ app_init ] --END-- [ RunTime:0.000533s ]
ERR: 非法操作:91free

[ 2017-08-31T09:42:14+08:00 ] ::1 /91free/home/index/91free/analytics.js
INFO: [ app_init ] --START--
INFO: Run Behavior\BuildLiteBehavior [ RunTime:0.000014s ]
INFO: [ app_init ] --END-- [ RunTime:0.000450s ]
ERR: 非法操作:91free

[ 2017-08-31T09:42:14+08:00 ] ::1 /91free/home/index/91free/loading.gif
INFO: [ app_init ] --START--
INFO: Run Behavior\BuildLiteBehavior [ RunTime:0.000018s ]
INFO: [ app_init ] --END-- [ RunTime:0.000622s ]

[ 2017-08-31T09:42:14+08:00 ] ::1 /91free/home/index/91free/adsbygoogle.js
INFO: [ app_init ] --START--
INFO: Run Behavior\BuildLiteBehavior [ RunTime:0.000029s ]
INFO: [ app_init ] --END-- [ RunTime:0.000830s ]
ERR: 非法操作:91free

[ 2017-08-31T09:42:14+08:00 ] ::1 /91free/home/index/91free/fad.js
INFO: [ app_init ] --START--
INFO: Run Behavior\BuildLiteBehavior [ RunTime:0.000013s ]
INFO: [ app_init ] --END-- [ RunTime:0.000469s ]
ERR: 非法操作:91free

[ 2017-08-31T09:42:14+08:00 ] ::1 /91free/home/index/91free/logo-bold.png
INFO: [ app_init ] --START--
INFO: Run Behavior\BuildLiteBehavior [ RunTime:0.000017s ]
INFO: [ app_init ] --END-- [ RunTime:0.000599s ]

[ 2017-08-31T09:42:14+08:00 ] ::1 /91free/home/index/91free/ca-pub-0796536778784564.js
INFO: [ app_init ] --START--
INFO: Run Behavior\BuildLiteBehavior [ RunTime:0.000018s ]
INFO: [ app_init ] --END-- [ RunTime:0.000580s ]
ERR: 非法操作:91free

[ 2017-08-31T09:42:14+08:00 ] ::1 /91free/home/index/91free/moment.js
INFO: [ app_init ] --START--
INFO: Run Behavior\BuildLiteBehavior [ RunTime:0.000014s ]
INFO: [ app_init ] --END-- [ RunTime:0.000510s ]
ERR: 非法操作:91free

[ 2017-08-31T09:42:14+08:00 ] ::1 /91free/home/index/91free/analytics.js
INFO: [ app_init ] --START--
INFO: Run Behavior\BuildLiteBehavior [ RunTime:0.000016s ]
INFO: [ app_init ] --END-- [ RunTime:0.000455s ]
ERR: 非法操作:91free

[ 2017-08-31T09:42:14+08:00 ] ::1 /91free/home/index/91free/adsbygoogle.js
INFO: [ app_init ] --START--
INFO: Run Behavior\BuildLiteBehavior [ RunTime:0.000017s ]
INFO: [ app_init ] --END-- [ RunTime:0.002205s ]
ERR: 非法操作:91free

[ 2017-08-31T09:42:14+08:00 ] ::1 /91free/home/index/91free/jquery.min.js
INFO: [ app_init ] --START--
INFO: Run Behavior\BuildLiteBehavior [ RunTime:0.000021s ]
INFO: [ app_init ] --END-- [ RunTime:0.001235s ]
ERR: 非法操作:91free

[ 2017-08-31T09:42:14+08:00 ] ::1 /91free/home/index/91free/bootstrap.min.js
INFO: [ app_init ] --START--
INFO: Run Behavior\BuildLiteBehavior [ RunTime:0.000018s ]
INFO: [ app_init ] --END-- [ RunTime:0.000564s ]
ERR: 非法操作:91free

[ 2017-08-31T09:42:14+08:00 ] ::1 /91free/home/index/91free/fad.js
INFO: [ app_init ] --START--
INFO: Run Behavior\BuildLiteBehavior [ RunTime:0.000021s ]
INFO: [ app_init ] --END-- [ RunTime:0.001638s ]
ERR: 非法操作:91free

[ 2017-08-31T09:42:14+08:00 ] ::1 /91free/home/index/91free/moment.js
INFO: [ app_init ] --START--
INFO: Run Behavior\BuildLiteBehavior [ RunTime:0.000009s ]
INFO: [ app_init ] --END-- [ RunTime:0.000302s ]
ERR: 非法操作:91free

[ 2017-08-31T09:42:38+08:00 ] ::1 /91free/home/index/
INFO: [ app_init ] --START--
INFO: Run Behavior\BuildLiteBehavior [ RunTime:0.000016s ]
INFO: [ app_init ] --END-- [ RunTime:0.000540s ]

[ 2017-08-31T09:42:38+08:00 ] ::1 /91free/home/index/91free/bootstrap.css
INFO: [ app_init ] --START--
INFO: Run Behavior\BuildLiteBehavior [ RunTime:0.000016s ]
INFO: [ app_init ] --END-- [ RunTime:0.001019s ]
ERR: 非法操作:91free

[ 2017-08-31T09:42:38+08:00 ] ::1 /91free/home/index/91free/ca-pub-0796536778784564.js
INFO: [ app_init ] --START--
INFO: Run Behavior\BuildLiteBehavior [ RunTime:0.000014s ]
INFO: [ app_init ] --END-- [ RunTime:0.000626s ]
ERR: 非法操作:91free

[ 2017-08-31T09:42:38+08:00 ] ::1 /91free/home/index/91free/jquery.min.js
INFO: [ app_init ] --START--
INFO: Run Behavior\BuildLiteBehavior [ RunTime:0.000014s ]
INFO: [ app_init ] --END-- [ RunTime:0.000408s ]
ERR: 非法操作:91free

[ 2017-08-31T09:42:38+08:00 ] ::1 /91free/home/index/91free/analytics.js
INFO: [ app_init ] --START--
INFO: Run Behavior\BuildLiteBehavior [ RunTime:0.000015s ]
INFO: [ app_init ] --END-- [ RunTime:0.000479s ]
ERR: 非法操作:91free

[ 2017-08-31T09:42:38+08:00 ] ::1 /91free/home/index/91free/loading.gif
INFO: [ app_init ] --START--
INFO: Run Behavior\BuildLiteBehavior [ RunTime:0.000014s ]
INFO: [ app_init ] --END-- [ RunTime:0.000441s ]

[ 2017-08-31T09:42:38+08:00 ] ::1 /91free/home/index/91free/adsbygoogle.js
INFO: [ app_init ] --START--
INFO: Run Behavior\BuildLiteBehavior [ RunTime:0.000014s ]
INFO: [ app_init ] --END-- [ RunTime:0.000406s ]
ERR: 非法操作:91free

[ 2017-08-31T09:42:38+08:00 ] ::1 /91free/home/index/91free/logo-bold.png
INFO: [ app_init ] --START--
INFO: Run Behavior\BuildLiteBehavior [ RunTime:0.000022s ]
INFO: [ app_init ] --END-- [ RunTime:0.000509s ]

[ 2017-08-31T09:42:38+08:00 ] ::1 /91free/home/index/91free/bootstrap.min.js
INFO: [ app_init ] --START--
INFO: Run Behavior\BuildLiteBehavior [ RunTime:0.000012s ]
INFO: [ app_init ] --END-- [ RunTime:0.000364s ]
ERR: 非法操作:91free

[ 2017-08-31T09:42:38+08:00 ] ::1 /91free/home/index/91free/fad.js
INFO: [ app_init ] --START--
INFO: Run Behavior\BuildLiteBehavior [ RunTime:0.000013s ]
INFO: [ app_init ] --END-- [ RunTime:0.000403s ]
ERR: 非法操作:91free

[ 2017-08-31T09:42:38+08:00 ] ::1 /91free/home/index/91free/moment.js
INFO: [ app_init ] --START--
INFO: Run Behavior\BuildLiteBehavior [ RunTime:0.000023s ]
INFO: [ app_init ] --END-- [ RunTime:0.000837s ]
ERR: 非法操作:91free

[ 2017-08-31T09:42:59+08:00 ] ::1 /91free/home/index/
INFO: [ app_init ] --START--
INFO: Run Behavior\BuildLiteBehavior [ RunTime:0.000011s ]
INFO: [ app_init ] --END-- [ RunTime:0.000474s ]

[ 2017-08-31T09:42:59+08:00 ] ::1 /91free/home/index/91free/bootstrap.css
INFO: [ app_init ] --START--
INFO: Run Behavior\BuildLiteBehavior [ RunTime:0.000016s ]
INFO: [ app_init ] --END-- [ RunTime:0.002253s ]
ERR: 非法操作:91free

[ 2017-08-31T09:42:59+08:00 ] ::1 /91free/home/index/91free/ca-pub-0796536778784564.js
INFO: [ app_init ] --START--
INFO: Run Behavior\BuildLiteBehavior [ RunTime:0.000015s ]
INFO: [ app_init ] --END-- [ RunTime:0.000426s ]
ERR: 非法操作:91free

[ 2017-08-31T09:42:59+08:00 ] ::1 /91free/home/index/91free/jquery.min.js
INFO: [ app_init ] --START--
INFO: Run Behavior\BuildLiteBehavior [ RunTime:0.000013s ]
INFO: [ app_init ] --END-- [ RunTime:0.000432s ]
ERR: 非法操作:91free

[ 2017-08-31T09:42:59+08:00 ] ::1 /91free/home/index/91free/moment.js
INFO: [ app_init ] --START--
INFO: Run Behavior\BuildLiteBehavior [ RunTime:0.000012s ]
INFO: [ app_init ] --END-- [ RunTime:0.000383s ]
ERR: 非法操作:91free

[ 2017-08-31T09:42:59+08:00 ] ::1 /91free/home/index/91free/bootstrap.min.js
INFO: [ app_init ] --START--
INFO: Run Behavior\BuildLiteBehavior [ RunTime:0.000013s ]
INFO: [ app_init ] --END-- [ RunTime:0.000377s ]
ERR: 非法操作:91free

[ 2017-08-31T09:42:59+08:00 ] ::1 /91free/home/index/91free/loading.gif
INFO: [ app_init ] --START--
INFO: Run Behavior\BuildLiteBehavior [ RunTime:0.000013s ]
INFO: [ app_init ] --END-- [ RunTime:0.000380s ]

[ 2017-08-31T09:42:59+08:00 ] ::1 /91free/home/index/91free/adsbygoogle.js
INFO: [ app_init ] --START--
INFO: Run Behavior\BuildLiteBehavior [ RunTime:0.000015s ]
INFO: [ app_init ] --END-- [ RunTime:0.000482s ]
ERR: 非法操作:91free

[ 2017-08-31T09:42:59+08:00 ] ::1 /91free/home/index/91free/fad.js
INFO: [ app_init ] --START--
INFO: Run Behavior\BuildLiteBehavior [ RunTime:0.000015s ]
INFO: [ app_init ] --END-- [ RunTime:0.000503s ]
ERR: 非法操作:91free

[ 2017-08-31T09:42:59+08:00 ] ::1 /91free/home/index/91free/analytics.js
INFO: [ app_init ] --START--
INFO: Run Behavior\BuildLiteBehavior [ RunTime:0.000017s ]
INFO: [ app_init ] --END-- [ RunTime:0.000519s ]
ERR: 非法操作:91free

[ 2017-08-31T09:42:59+08:00 ] ::1 /91free/home/index/91free/logo-bold.png
INFO: [ app_init ] --START--
INFO: Run Behavior\BuildLiteBehavior [ RunTime:0.000015s ]
INFO: [ app_init ] --END-- [ RunTime:0.000453s ]

[ 2017-08-31T09:42:59+08:00 ] ::1 /91free/home/index/91free/moment.js
INFO: [ app_init ] --START--
INFO: Run Behavior\BuildLiteBehavior [ RunTime:0.000018s ]
INFO: [ app_init ] --END-- [ RunTime:0.000386s ]
ERR: 非法操作:91free

[ 2017-08-31T09:43:49+08:00 ] ::1 /91free/home/index/
INFO: [ app_init ] --START--
INFO: Run Behavior\BuildLiteBehavior [ RunTime:0.000019s ]
INFO: [ app_init ] --END-- [ RunTime:0.000585s ]

[ 2017-08-31T09:43:49+08:00 ] ::1 /91free/home/index/91free/jquery.min.js
INFO: [ app_init ] --START--
INFO: Run Behavior\BuildLiteBehavior [ RunTime:0.000013s ]
INFO: [ app_init ] --END-- [ RunTime:0.000372s ]
ERR: 非法操作:91free

[ 2017-08-31T09:43:49+08:00 ] ::1 /91free/home/index/91free/fad.js
INFO: [ app_init ] --START--
INFO: Run Behavior\BuildLiteBehavior [ RunTime:0.000013s ]
INFO: [ app_init ] --END-- [ RunTime:0.000363s ]
ERR: 非法操作:91free

[ 2017-08-31T09:43:49+08:00 ] ::1 /91free/home/index/91free/moment.js
INFO: [ app_init ] --START--
INFO: Run Behavior\BuildLiteBehavior [ RunTime:0.000016s ]
INFO: [ app_init ] --END-- [ RunTime:0.000453s ]
ERR: 非法操作:91free

[ 2017-08-31T09:43:49+08:00 ] ::1 /91free/home/index/91free/bootstrap.min.js
INFO: [ app_init ] --START--
INFO: Run Behavior\BuildLiteBehavior [ RunTime:0.000011s ]
INFO: [ app_init ] --END-- [ RunTime:0.000482s ]
ERR: 非法操作:91free

[ 2017-08-31T09:43:49+08:00 ] ::1 /91free/home/index/91free/analytics.js
INFO: [ app_init ] --START--
INFO: Run Behavior\BuildLiteBehavior [ RunTime:0.000014s ]
INFO: [ app_init ] --END-- [ RunTime:0.000413s ]
ERR: 非法操作:91free

[ 2017-08-31T09:43:49+08:00 ] ::1 /91free/home/index/91free/loading.gif
INFO: [ app_init ] --START--
INFO: Run Behavior\BuildLiteBehavior [ RunTime:0.000014s ]
INFO: [ app_init ] --END-- [ RunTime:0.000402s ]

[ 2017-08-31T09:43:49+08:00 ] ::1 /91free/home/index/91free/adsbygoogle.js
INFO: [ app_init ] --START--
INFO: Run Behavior\BuildLiteBehavior [ RunTime:0.000016s ]
INFO: [ app_init ] --END-- [ RunTime:0.000572s ]
ERR: 非法操作:91free

[ 2017-08-31T09:43:49+08:00 ] ::1 /91free/home/index/91free/ca-pub-0796536778784564.js
INFO: [ app_init ] --START--
INFO: Run Behavior\BuildLiteBehavior [ RunTime:0.000016s ]
INFO: [ app_init ] --END-- [ RunTime:0.000740s ]
ERR: 非法操作:91free

[ 2017-08-31T09:43:49+08:00 ] ::1 /91free/home/index/91free/adsbygoogle.js
INFO: [ app_init ] --START--
INFO: Run Behavior\BuildLiteBehavior [ RunTime:0.000015s ]
INFO: [ app_init ] --END-- [ RunTime:0.000447s ]
ERR: 非法操作:91free

[ 2017-08-31T09:43:49+08:00 ] ::1 /91free/home/index/91free/analytics.js
INFO: [ app_init ] --START--
INFO: Run Behavior\BuildLiteBehavior [ RunTime:0.000012s ]
INFO: [ app_init ] --END-- [ RunTime:0.000434s ]
ERR: 非法操作:91free

[ 2017-08-31T09:43:49+08:00 ] ::1 /91free/home/index/91free/logo-bold.png
INFO: [ app_init ] --START--
INFO: Run Behavior\BuildLiteBehavior [ RunTime:0.000029s ]
INFO: [ app_init ] --END-- [ RunTime:0.000520s ]

[ 2017-08-31T09:43:49+08:00 ] ::1 /91free/home/index/91free/jquery.min.js
INFO: [ app_init ] --START--
INFO: Run Behavior\BuildLiteBehavior [ RunTime:0.000017s ]
INFO: [ app_init ] --END-- [ RunTime:0.000533s ]
ERR: 非法操作:91free

[ 2017-08-31T09:43:49+08:00 ] ::1 /91free/home/index/91free/bootstrap.min.js
INFO: [ app_init ] --START--
INFO: Run Behavior\BuildLiteBehavior [ RunTime:0.000015s ]
INFO: [ app_init ] --END-- [ RunTime:0.000447s ]
ERR: 非法操作:91free

[ 2017-08-31T09:43:49+08:00 ] ::1 /91free/home/index/91free/fad.js
INFO: [ app_init ] --START--
INFO: Run Behavior\BuildLiteBehavior [ RunTime:0.000016s ]
INFO: [ app_init ] --END-- [ RunTime:0.000480s ]
ERR: 非法操作:91free

[ 2017-08-31T09:43:49+08:00 ] ::1 /91free/home/index/91free/moment.js
INFO: [ app_init ] --START--
INFO: Run Behavior\BuildLiteBehavior [ RunTime:0.000011s ]
INFO: [ app_init ] --END-- [ RunTime:0.000280s ]
ERR: 非法操作:91free

[ 2017-08-31T09:44:03+08:00 ] ::1 /91free/home/index/
INFO: [ app_init ] --START--
INFO: Run Behavior\BuildLiteBehavior [ RunTime:0.000122s ]
INFO: [ app_init ] --END-- [ RunTime:0.001125s ]

[ 2017-08-31T09:44:03+08:00 ] ::1 /91free/home/index/91free/jquery.min.js
INFO: [ app_init ] --START--
INFO: Run Behavior\BuildLiteBehavior [ RunTime:0.000016s ]
INFO: [ app_init ] --END-- [ RunTime:0.000426s ]
ERR: 非法操作:91free

[ 2017-08-31T09:44:03+08:00 ] ::1 /91free/home/index/91free/fad.js
INFO: [ app_init ] --START--
INFO: Run Behavior\BuildLiteBehavior [ RunTime:0.000014s ]
INFO: [ app_init ] --END-- [ RunTime:0.000400s ]
ERR: 非法操作:91free

[ 2017-08-31T09:44:03+08:00 ] ::1 /91free/home/index/91free/bootstrap.min.js
INFO: [ app_init ] --START--
INFO: Run Behavior\BuildLiteBehavior [ RunTime:0.000014s ]
INFO: [ app_init ] --END-- [ RunTime:0.000446s ]
ERR: 非法操作:91free

[ 2017-08-31T09:44:03+08:00 ] ::1 /91free/home/index/91free/loading.gif
INFO: [ app_init ] --START--
INFO: Run Behavior\BuildLiteBehavior [ RunTime:0.000014s ]
INFO: [ app_init ] --END-- [ RunTime:0.000423s ]

[ 2017-08-31T09:44:03+08:00 ] ::1 /91free/home/index/91free/analytics.js
INFO: [ app_init ] --START--
INFO: Run Behavior\BuildLiteBehavior [ RunTime:0.000012s ]
INFO: [ app_init ] --END-- [ RunTime:0.000365s ]
ERR: 非法操作:91free

[ 2017-08-31T09:44:03+08:00 ] ::1 /91free/home/index/91free/adsbygoogle.js
INFO: [ app_init ] --START--
INFO: Run Behavior\BuildLiteBehavior [ RunTime:0.000016s ]
INFO: [ app_init ] --END-- [ RunTime:0.000820s ]
ERR: 非法操作:91free

[ 2017-08-31T09:44:03+08:00 ] ::1 /91free/home/index/91free/moment.js
INFO: [ app_init ] --START--
INFO: Run Behavior\BuildLiteBehavior [ RunTime:0.000015s ]
INFO: [ app_init ] --END-- [ RunTime:0.000593s ]
ERR: 非法操作:91free

[ 2017-08-31T09:44:03+08:00 ] ::1 /91free/home/index/91free/ca-pub-0796536778784564.js
INFO: [ app_init ] --START--
INFO: Run Behavior\BuildLiteBehavior [ RunTime:0.000020s ]
INFO: [ app_init ] --END-- [ RunTime:0.000665s ]
ERR: 非法操作:91free

[ 2017-08-31T09:44:03+08:00 ] ::1 /91free/home/index/91free/logo-bold.png
INFO: [ app_init ] --START--
INFO: Run Behavior\BuildLiteBehavior [ RunTime:0.000018s ]
INFO: [ app_init ] --END-- [ RunTime:0.003276s ]

[ 2017-08-31T09:44:03+08:00 ] ::1 /91free/home/index/91free/analytics.js
INFO: [ app_init ] --START--
INFO: Run Behavior\BuildLiteBehavior [ RunTime:0.000027s ]
INFO: [ app_init ] --END-- [ RunTime:0.000439s ]
ERR: 非法操作:91free

[ 2017-08-31T09:44:03+08:00 ] ::1 /91free/home/index/91free/adsbygoogle.js
INFO: [ app_init ] --START--
INFO: Run Behavior\BuildLiteBehavior [ RunTime:0.000011s ]
INFO: [ app_init ] --END-- [ RunTime:0.000413s ]
ERR: 非法操作:91free

[ 2017-08-31T09:44:03+08:00 ] ::1 /91free/home/index/91free/jquery.min.js
INFO: [ app_init ] --START--
INFO: Run Behavior\BuildLiteBehavior [ RunTime:0.000016s ]
INFO: [ app_init ] --END-- [ RunTime:0.000480s ]
ERR: 非法操作:91free

[ 2017-08-31T09:44:03+08:00 ] ::1 /91free/home/index/91free/bootstrap.min.js
INFO: [ app_init ] --START--
INFO: Run Behavior\BuildLiteBehavior [ RunTime:0.000018s ]
INFO: [ app_init ] --END-- [ RunTime:0.000709s ]
ERR: 非法操作:91free

[ 2017-08-31T09:44:03+08:00 ] ::1 /91free/home/index/91free/fad.js
INFO: [ app_init ] --START--
INFO: Run Behavior\BuildLiteBehavior [ RunTime:0.000012s ]
INFO: [ app_init ] --END-- [ RunTime:0.000429s ]
ERR: 非法操作:91free

[ 2017-08-31T09:44:03+08:00 ] ::1 /91free/home/index/91free/moment.js
INFO: [ app_init ] --START--
INFO: Run Behavior\BuildLiteBehavior [ RunTime:0.000083s ]
INFO: [ app_init ] --END-- [ RunTime:0.000807s ]
ERR: 非法操作:91free

[ 2017-08-31T09:46:06+08:00 ] ::1 /91free/home/index/
INFO: [ app_init ] --START--
INFO: Run Behavior\BuildLiteBehavior [ RunTime:0.000117s ]
INFO: [ app_init ] --END-- [ RunTime:0.000551s ]

[ 2017-08-31T09:46:06+08:00 ] ::1 /91free/home/index/91free/ca-pub-0796536778784564.js
INFO: [ app_init ] --START--
INFO: Run Behavior\BuildLiteBehavior [ RunTime:0.000015s ]
INFO: [ app_init ] --END-- [ RunTime:0.000447s ]
ERR: 非法操作:91free

[ 2017-08-31T09:46:06+08:00 ] ::1 /91free/home/index/91free/jquery.min.js
INFO: [ app_init ] --START--
INFO: Run Behavior\BuildLiteBehavior [ RunTime:0.000013s ]
INFO: [ app_init ] --END-- [ RunTime:0.000424s ]
ERR: 非法操作:91free

[ 2017-08-31T09:46:06+08:00 ] ::1 /91free/home/index/91free/moment.js
INFO: [ app_init ] --START--
INFO: Run Behavior\BuildLiteBehavior [ RunTime:0.000017s ]
INFO: [ app_init ] --END-- [ RunTime:0.000598s ]
ERR: 非法操作:91free

[ 2017-08-31T09:46:06+08:00 ] ::1 /91free/home/index/91free/loading.gif
INFO: [ app_init ] --START--
INFO: Run Behavior\BuildLiteBehavior [ RunTime:0.000020s ]
INFO: [ app_init ] --END-- [ RunTime:0.000512s ]

[ 2017-08-31T09:46:06+08:00 ] ::1 /91free/home/index/91free/analytics.js
INFO: [ app_init ] --START--
INFO: Run Behavior\BuildLiteBehavior [ RunTime:0.000015s ]
INFO: [ app_init ] --END-- [ RunTime:0.000438s ]
ERR: 非法操作:91free

[ 2017-08-31T09:46:06+08:00 ] ::1 /91free/home/index/91free/jquery.min.js
INFO: [ app_init ] --START--
INFO: Run Behavior\BuildLiteBehavior [ RunTime:0.000014s ]
INFO: [ app_init ] --END-- [ RunTime:0.000373s ]
ERR: 非法操作:91free

[ 2017-08-31T09:46:06+08:00 ] ::1 /91free/home/index/91free/adsbygoogle.js
INFO: [ app_init ] --START--
INFO: Run Behavior\BuildLiteBehavior [ RunTime:0.000017s ]
INFO: [ app_init ] --END-- [ RunTime:0.000807s ]
ERR: 非法操作:91free

[ 2017-08-31T09:46:06+08:00 ] ::1 /91free/home/index/91free/bootstrap.min.js
INFO: [ app_init ] --START--
INFO: Run Behavior\BuildLiteBehavior [ RunTime:0.000016s ]
INFO: [ app_init ] --END-- [ RunTime:0.001844s ]
ERR: 非法操作:91free

[ 2017-08-31T09:46:06+08:00 ] ::1 /91free/home/index/91free/fad.js
INFO: [ app_init ] --START--
INFO: Run Behavior\BuildLiteBehavior [ RunTime:0.000031s ]
INFO: [ app_init ] --END-- [ RunTime:0.001428s ]
ERR: 非法操作:91free

[ 2017-08-31T09:46:06+08:00 ] ::1 /91free/home/index/91free/moment.js
INFO: [ app_init ] --START--
INFO: Run Behavior\BuildLiteBehavior [ RunTime:0.000009s ]
INFO: [ app_init ] --END-- [ RunTime:0.000394s ]
ERR: 非法操作:91free

[ 2017-08-31T09:46:47+08:00 ] ::1 /91free/home/index/
INFO: [ app_init ] --START--
INFO: Run Behavior\BuildLiteBehavior [ RunTime:0.000009s ]
INFO: [ app_init ] --END-- [ RunTime:0.000378s ]

[ 2017-08-31T09:55:00+08:00 ] ::1 /91free/home/index/
INFO: [ app_init ] --START--
INFO: Run Behavior\BuildLiteBehavior [ RunTime:0.000035s ]
INFO: [ app_init ] --END-- [ RunTime:0.000657s ]

[ 2017-08-31T09:59:05+08:00 ] ::1 /91free/home/index/
INFO: [ app_init ] --START--
INFO: Run Behavior\BuildLiteBehavior [ RunTime:0.000018s ]
INFO: [ app_init ] --END-- [ RunTime:0.000511s ]

[ 2017-08-31T10:00:31+08:00 ] ::1 /91free/home/index/
INFO: [ app_init ] --START--
INFO: Run Behavior\BuildLiteBehavior [ RunTime:0.000015s ]
INFO: [ app_init ] --END-- [ RunTime:0.000444s ]

