[ 2017-08-30T17:01:58+08:00 ] ::1 /91free/
INFO: [ app_init ] --START--
INFO: Run Behavior\BuildLiteBehavior [ RunTime:0.000011s ]
INFO: [ app_init ] --END-- [ RunTime:0.000563s ]
INFO: [ app_begin ] --START--
INFO: Run Behavior\ReadHtmlCacheBehavior [ RunTime:0.005903s ]
INFO: [ app_begin ] --END-- [ RunTime:0.005951s ]
NOTIC: [2] Missing argument 1 for I(), called in D:\Program Files\phpStudy\WWW\91free\Application\Home\Controller\IndexController.class.php on line 10 and defined D:\Program Files\phpStudy\WWW\91free\ThinkPHP\Common\functions.php 第 271 行.
NOTIC: [8] Undefined variable: name D:\Program Files\phpStudy\WWW\91free\ThinkPHP\Common\functions.php 第 273 行.
NOTIC: [8] Undefined variable: name D:\Program Files\phpStudy\WWW\91free\ThinkPHP\Common\functions.php 第 278 行.
NOTIC: [8] Undefined variable: name D:\Program Files\phpStudy\WWW\91free\ThinkPHP\Common\functions.php 第 339 行.
INFO: [ app_end ] --START--
INFO: Run Behavior\ShowPageTraceBehavior [ RunTime:0.009447s ]
INFO: [ app_end ] --END-- [ RunTime:0.009502s ]

[ 2017-08-30T17:02:16+08:00 ] ::1 /91free/
INFO: [ app_init ] --START--
INFO: Run Behavior\BuildLiteBehavior [ RunTime:0.000013s ]
INFO: [ app_init ] --END-- [ RunTime:0.000359s ]
INFO: [ app_begin ] --START--
INFO: Run Behavior\ReadHtmlCacheBehavior [ RunTime:0.000494s ]
INFO: [ app_begin ] --END-- [ RunTime:0.000535s ]
NOTIC: [2] Missing argument 1 for I(), called in D:\Program Files\phpStudy\WWW\91free\Application\Home\Controller\IndexController.class.php on line 10 and defined D:\Program Files\phpStudy\WWW\91free\ThinkPHP\Common\functions.php 第 271 行.
NOTIC: [8] Undefined variable: name D:\Program Files\phpStudy\WWW\91free\ThinkPHP\Common\functions.php 第 273 行.
NOTIC: [8] Undefined variable: name D:\Program Files\phpStudy\WWW\91free\ThinkPHP\Common\functions.php 第 278 行.
NOTIC: [8] Undefined variable: name D:\Program Files\phpStudy\WWW\91free\ThinkPHP\Common\functions.php 第 339 行.
INFO: [ app_end ] --START--
INFO: Run Behavior\ShowPageTraceBehavior [ RunTime:0.000617s ]
INFO: [ app_end ] --END-- [ RunTime:0.000649s ]

[ 2017-08-30T17:05:23+08:00 ] ::1 /91free/
INFO: [ app_init ] --START--
INFO: Run Behavior\BuildLiteBehavior [ RunTime:0.000010s ]
INFO: [ app_init ] --END-- [ RunTime:0.000374s ]
INFO: [ app_begin ] --START--
INFO: Run Behavior\ReadHtmlCacheBehavior [ RunTime:0.000688s ]
INFO: [ app_begin ] --END-- [ RunTime:0.000747s ]
ERR: 模板不存在:./Application/Home/View/Index/index.html

[ 2017-08-30T17:11:19+08:00 ] ::1 /91free/
INFO: [ app_init ] --START--
INFO: Run Behavior\BuildLiteBehavior [ RunTime:0.000010s ]
INFO: [ app_init ] --END-- [ RunTime:0.000398s ]
INFO: [ app_begin ] --START--
INFO: Run Behavior\ReadHtmlCacheBehavior [ RunTime:0.000623s ]
INFO: [ app_begin ] --END-- [ RunTime:0.000662s ]

[ 2017-08-30T17:11:28+08:00 ] ::1 /91free/
INFO: [ app_init ] --START--
INFO: Run Behavior\BuildLiteBehavior [ RunTime:0.000016s ]
INFO: [ app_init ] --END-- [ RunTime:0.000491s ]
INFO: [ app_begin ] --START--
INFO: Run Behavior\ReadHtmlCacheBehavior [ RunTime:0.000654s ]
INFO: [ app_begin ] --END-- [ RunTime:0.000708s ]
SQL: SHOW COLUMNS FROM `alllist02` [ RunTime:0.0081s ]
INFO: [ app_end ] --START--
INFO: Run Behavior\ShowPageTraceBehavior [ RunTime:0.001618s ]
INFO: [ app_end ] --END-- [ RunTime:0.001696s ]

[ 2017-08-30T17:11:38+08:00 ] ::1 /91free/
INFO: [ app_init ] --START--
INFO: Run Behavior\BuildLiteBehavior [ RunTime:0.000010s ]
INFO: [ app_init ] --END-- [ RunTime:0.000337s ]
INFO: [ app_begin ] --START--
INFO: Run Behavior\ReadHtmlCacheBehavior [ RunTime:0.000751s ]
INFO: [ app_begin ] --END-- [ RunTime:0.000806s ]
SQL: SHOW COLUMNS FROM `alllist02` [ RunTime:0.0103s ]
INFO: [ app_end ] --START--
INFO: Run Behavior\ShowPageTraceBehavior [ RunTime:0.001369s ]
INFO: [ app_end ] --END-- [ RunTime:0.001445s ]

[ 2017-08-30T17:13:26+08:00 ] ::1 /91free/
INFO: [ app_init ] --START--
INFO: Run Behavior\BuildLiteBehavior [ RunTime:0.000013s ]
INFO: [ app_init ] --END-- [ RunTime:0.000429s ]
INFO: [ app_begin ] --START--
INFO: Run Behavior\ReadHtmlCacheBehavior [ RunTime:0.000723s ]
INFO: [ app_begin ] --END-- [ RunTime:0.000786s ]

[ 2017-08-30T17:13:39+08:00 ] ::1 /91free/
INFO: [ app_init ] --START--
INFO: Run Behavior\BuildLiteBehavior [ RunTime:0.000009s ]
INFO: [ app_init ] --END-- [ RunTime:0.000450s ]
INFO: [ app_begin ] --START--
INFO: Run Behavior\ReadHtmlCacheBehavior [ RunTime:0.001037s ]
INFO: [ app_begin ] --END-- [ RunTime:0.001158s ]
SQL: SHOW COLUMNS FROM `alllist02` [ RunTime:0.0084s ]
SQL: SELECT * FROM `alllist02` WHERE ( `id`=1 ) LIMIT 1   [ RunTime:0.0005s ]
INFO: [ app_end ] --START--
INFO: Run Behavior\ShowPageTraceBehavior [ RunTime:0.001171s ]
INFO: [ app_end ] --END-- [ RunTime:0.001230s ]

[ 2017-08-30T17:15:35+08:00 ] ::1 /91free/
INFO: [ app_init ] --START--
INFO: Run Behavior\BuildLiteBehavior [ RunTime:0.000010s ]
INFO: [ app_init ] --END-- [ RunTime:0.000359s ]

